{"/Users/jvickram/Downloads/Projects/Practice_folder/Mobile App/copilot/language-guru/backend/src/app.js": {"path":"/Users/jvickram/Downloads/Projects/Practice_folder/Mobile App/copilot/language-guru/backend/src/app.js","statementMap":{"0":{"start":{"line":1,"column":16},"end":{"line":1,"column":34}},"1":{"start":{"line":2,"column":33},"end":{"line":2,"column":61}},"2":{"start":{"line":3,"column":28},"end":{"line":3,"column":67}},"3":{"start":{"line":4,"column":38},"end":{"line":4,"column":71}},"4":{"start":{"line":5,"column":26},"end":{"line":5,"column":63}},"5":{"start":{"line":6,"column":33},"end":{"line":6,"column":61}},"6":{"start":{"line":7,"column":42},"end":{"line":7,"column":79}},"7":{"start":{"line":8,"column":31},"end":{"line":8,"column":57}},"8":{"start":{"line":9,"column":29},"end":{"line":9,"column":53}},"9":{"start":{"line":10,"column":33},"end":{"line":10,"column":61}},"10":{"start":{"line":12,"column":18},"end":{"line":32,"column":1}},"11":{"start":{"line":13,"column":14},"end":{"line":13,"column":23}},"12":{"start":{"line":14,"column":2},"end":{"line":14,"column":28}},"13":{"start":{"line":16,"column":2},"end":{"line":16,"column":42}},"14":{"start":{"line":17,"column":2},"end":{"line":17,"column":40}},"15":{"start":{"line":18,"column":2},"end":{"line":18,"column":27}},"16":{"start":{"line":19,"column":2},"end":{"line":19,"column":58}},"17":{"start":{"line":20,"column":2},"end":{"line":20,"column":25}},"18":{"start":{"line":22,"column":25},"end":{"line":22,"column":71}},"19":{"start":{"line":24,"column":2},"end":{"line":24,"column":64}},"20":{"start":{"line":25,"column":2},"end":{"line":25,"column":62}},"21":{"start":{"line":26,"column":2},"end":{"line":26,"column":74}},"22":{"start":{"line":28,"column":2},"end":{"line":28,"column":27}},"23":{"start":{"line":29,"column":2},"end":{"line":29,"column":24}},"24":{"start":{"line":31,"column":2},"end":{"line":31,"column":13}},"25":{"start":{"line":34,"column":0},"end":{"line":36,"column":2}}},"fnMap":{"0":{"name":"(anonymous_0)","decl":{"start":{"line":12,"column":18},"end":{"line":12,"column":19}},"loc":{"start":{"line":12,"column":48},"end":{"line":32,"column":1}},"line":12}},"branchMap":{},"s":{"0":1,"1":1,"2":1,"3":1,"4":1,"5":1,"6":1,"7":1,"8":1,"9":1,"10":1,"11":3,"12":3,"13":3,"14":3,"15":3,"16":3,"17":3,"18":3,"19":3,"20":3,"21":3,"22":3,"23":3,"24":3,"25":1},"f":{"0":3},"b":{},"_coverageSchema":"1a1c01bbd47fc00a2c39e90264f33305004495a9","hash":"1a30fc2a09a038ea854907a2be0f3ad05c59ea86"}
,"/Users/jvickram/Downloads/Projects/Practice_folder/Mobile App/copilot/language-guru/backend/src/config/index.js": {"path":"/Users/jvickram/Downloads/Projects/Practice_folder/Mobile App/copilot/language-guru/backend/src/config/index.js","statementMap":{"0":{"start":{"line":1,"column":18},"end":{"line":10,"column":2}},"1":{"start":{"line":1,"column":25},"end":{"line":10,"column":1}},"2":{"start":{"line":9,"column":77},"end":{"line":9,"column":85}},"3":{"start":{"line":12,"column":23},"end":{"line":16,"column":1}},"4":{"start":{"line":13,"column":2},"end":{"line":15,"column":3}},"5":{"start":{"line":14,"column":4},"end":{"line":14,"column":60}},"6":{"start":{"line":18,"column":0},"end":{"line":21,"column":2}}},"fnMap":{"0":{"name":"(anonymous_0)","decl":{"start":{"line":1,"column":18},"end":{"line":1,"column":19}},"loc":{"start":{"line":1,"column":25},"end":{"line":10,"column":1}},"line":1},"1":{"name":"(anonymous_1)","decl":{"start":{"line":9,"column":70},"end":{"line":9,"column":71}},"loc":{"start":{"line":9,"column":77},"end":{"line":9,"column":85}},"line":9},"2":{"name":"(anonymous_2)","decl":{"start":{"line":12,"column":23},"end":{"line":12,"column":24}},"loc":{"start":{"line":12,"column":35},"end":{"line":16,"column":1}},"line":12}},"branchMap":{"0":{"loc":{"start":{"line":2,"column":7},"end":{"line":2,"column":44}},"type":"binary-expr","locations":[{"start":{"line":2,"column":7},"end":{"line":2,"column":27}},{"start":{"line":2,"column":31},"end":{"line":2,"column":44}}],"line":2},"1":{"loc":{"start":{"line":3,"column":15},"end":{"line":3,"column":39}},"type":"binary-expr","locations":[{"start":{"line":3,"column":15},"end":{"line":3,"column":31}},{"start":{"line":3,"column":35},"end":{"line":3,"column":39}}],"line":3},"2":{"loc":{"start":{"line":4,"column":13},"end":{"line":4,"column":65}},"type":"binary-expr","locations":[{"start":{"line":4,"column":13},"end":{"line":4,"column":35}},{"start":{"line":4,"column":39},"end":{"line":4,"column":65}}],"line":4},"3":{"loc":{"start":{"line":5,"column":16},"end":{"line":5,"column":50}},"type":"binary-expr","locations":[{"start":{"line":5,"column":16},"end":{"line":5,"column":42}},{"start":{"line":5,"column":46},"end":{"line":5,"column":50}}],"line":5},"4":{"loc":{"start":{"line":6,"column":13},"end":{"line":6,"column":47}},"type":"binary-expr","locations":[{"start":{"line":6,"column":13},"end":{"line":6,"column":35}},{"start":{"line":6,"column":39},"end":{"line":6,"column":47}}],"line":6},"5":{"loc":{"start":{"line":7,"column":12},"end":{"line":7,"column":39}},"type":"binary-expr","locations":[{"start":{"line":7,"column":12},"end":{"line":7,"column":33}},{"start":{"line":7,"column":37},"end":{"line":7,"column":39}}],"line":7},"6":{"loc":{"start":{"line":8,"column":23},"end":{"line":8,"column":63}},"type":"binary-expr","locations":[{"start":{"line":8,"column":23},"end":{"line":8,"column":56}},{"start":{"line":8,"column":60},"end":{"line":8,"column":63}}],"line":8},"7":{"loc":{"start":{"line":9,"column":19},"end":{"line":9,"column":53}},"type":"binary-expr","locations":[{"start":{"line":9,"column":19},"end":{"line":9,"column":46}},{"start":{"line":9,"column":50},"end":{"line":9,"column":53}}],"line":9},"8":{"loc":{"start":{"line":13,"column":2},"end":{"line":15,"column":3}},"type":"if","locations":[{"start":{"line":13,"column":2},"end":{"line":15,"column":3}},{"start":{},"end":{}}],"line":13},"9":{"loc":{"start":{"line":13,"column":6},"end":{"line":13,"column":84}},"type":"binary-expr","locations":[{"start":{"line":13,"column":6},"end":{"line":13,"column":33}},{"start":{"line":13,"column":37},"end":{"line":13,"column":84}}],"line":13}},"s":{"0":0,"1":0,"2":0,"3":0,"4":0,"5":0,"6":0},"f":{"0":0,"1":0,"2":0},"b":{"0":[0,0],"1":[0,0],"2":[0,0],"3":[0,0],"4":[0,0],"5":[0,0],"6":[0,0],"7":[0,0],"8":[0,0],"9":[0,0]}}
,"/Users/jvickram/Downloads/Projects/Practice_folder/Mobile App/copilot/language-guru/backend/src/content/lessons.js": {"path":"/Users/jvickram/Downloads/Projects/Practice_folder/Mobile App/copilot/language-guru/backend/src/content/lessons.js","statementMap":{"0":{"start":{"line":1,"column":21},"end":{"line":157,"column":1}},"1":{"start":{"line":159,"column":0},"end":{"line":161,"column":2}}},"fnMap":{},"branchMap":{},"s":{"0":0,"1":0},"f":{},"b":{}}
,"/Users/jvickram/Downloads/Projects/Practice_folder/Mobile App/copilot/language-guru/backend/src/middleware/auth.js": {"path":"/Users/jvickram/Downloads/Projects/Practice_folder/Mobile App/copilot/language-guru/backend/src/middleware/auth.js","statementMap":{"0":{"start":{"line":1,"column":12},"end":{"line":1,"column":35}},"1":{"start":{"line":3,"column":29},"end":{"line":23,"column":1}},"2":{"start":{"line":3,"column":59},"end":{"line":23,"column":1}},"3":{"start":{"line":4,"column":21},"end":{"line":4,"column":52}},"4":{"start":{"line":5,"column":16},"end":{"line":5,"column":77}},"5":{"start":{"line":7,"column":2},"end":{"line":9,"column":3}},"6":{"start":{"line":8,"column":4},"end":{"line":8,"column":59}},"7":{"start":{"line":11,"column":2},"end":{"line":22,"column":3}},"8":{"start":{"line":12,"column":20},"end":{"line":12,"column":55}},"9":{"start":{"line":13,"column":17},"end":{"line":13,"column":72}},"10":{"start":{"line":14,"column":4},"end":{"line":16,"column":5}},"11":{"start":{"line":15,"column":6},"end":{"line":15,"column":61}},"12":{"start":{"line":18,"column":4},"end":{"line":18,"column":20}},"13":{"start":{"line":19,"column":4},"end":{"line":19,"column":18}},"14":{"start":{"line":21,"column":4},"end":{"line":21,"column":60}},"15":{"start":{"line":25,"column":0},"end":{"line":27,"column":2}}},"fnMap":{"0":{"name":"(anonymous_0)","decl":{"start":{"line":3,"column":29},"end":{"line":3,"column":30}},"loc":{"start":{"line":3,"column":59},"end":{"line":23,"column":1}},"line":3},"1":{"name":"(anonymous_1)","decl":{"start":{"line":3,"column":59},"end":{"line":3,"column":60}},"loc":{"start":{"line":3,"column":85},"end":{"line":23,"column":1}},"line":3}},"branchMap":{"0":{"loc":{"start":{"line":4,"column":21},"end":{"line":4,"column":52}},"type":"binary-expr","locations":[{"start":{"line":4,"column":21},"end":{"line":4,"column":46}},{"start":{"line":4,"column":50},"end":{"line":4,"column":52}}],"line":4},"1":{"loc":{"start":{"line":5,"column":16},"end":{"line":5,"column":77}},"type":"cond-expr","locations":[{"start":{"line":5,"column":51},"end":{"line":5,"column":70}},{"start":{"line":5,"column":73},"end":{"line":5,"column":77}}],"line":5},"2":{"loc":{"start":{"line":7,"column":2},"end":{"line":9,"column":3}},"type":"if","locations":[{"start":{"line":7,"column":2},"end":{"line":9,"column":3}},{"start":{},"end":{}}],"line":7},"3":{"loc":{"start":{"line":14,"column":4},"end":{"line":16,"column":5}},"type":"if","locations":[{"start":{"line":14,"column":4},"end":{"line":16,"column":5}},{"start":{},"end":{}}],"line":14}},"s":{"0":1,"1":1,"2":3,"3":3,"4":3,"5":3,"6":1,"7":2,"8":2,"9":2,"10":2,"11":0,"12":2,"13":2,"14":0,"15":1},"f":{"0":3,"1":3},"b":{"0":[3,1],"1":[2,1],"2":[1,2],"3":[0,2]},"_coverageSchema":"1a1c01bbd47fc00a2c39e90264f33305004495a9","hash":"639a878f5d9e98a9d1f0bf44f60e1a53062c7a41"}
,"/Users/jvickram/Downloads/Projects/Practice_folder/Mobile App/copilot/language-guru/backend/src/middleware/cors.js": {"path":"/Users/jvickram/Downloads/Projects/Practice_folder/Mobile App/copilot/language-guru/backend/src/middleware/cors.js","statementMap":{"0":{"start":{"line":1,"column":29},"end":{"line":20,"column":1}},"1":{"start":{"line":1,"column":41},"end":{"line":20,"column":1}},"2":{"start":{"line":2,"column":17},"end":{"line":2,"column":35}},"3":{"start":{"line":3,"column":19},"end":{"line":3,"column":54}},"4":{"start":{"line":5,"column":2},"end":{"line":9,"column":3}},"5":{"start":{"line":6,"column":4},"end":{"line":6,"column":61}},"6":{"start":{"line":7,"column":9},"end":{"line":9,"column":3}},"7":{"start":{"line":8,"column":4},"end":{"line":8,"column":54}},"8":{"start":{"line":11,"column":2},"end":{"line":11,"column":31}},"9":{"start":{"line":12,"column":2},"end":{"line":12,"column":110}},"10":{"start":{"line":13,"column":2},"end":{"line":13,"column":76}},"11":{"start":{"line":15,"column":2},"end":{"line":17,"column":3}},"12":{"start":{"line":16,"column":4},"end":{"line":16,"column":31}},"13":{"start":{"line":19,"column":2},"end":{"line":19,"column":16}},"14":{"start":{"line":22,"column":0},"end":{"line":24,"column":2}}},"fnMap":{"0":{"name":"(anonymous_0)","decl":{"start":{"line":1,"column":29},"end":{"line":1,"column":30}},"loc":{"start":{"line":1,"column":41},"end":{"line":20,"column":1}},"line":1},"1":{"name":"(anonymous_1)","decl":{"start":{"line":1,"column":41},"end":{"line":1,"column":42}},"loc":{"start":{"line":1,"column":61},"end":{"line":20,"column":1}},"line":1}},"branchMap":{"0":{"loc":{"start":{"line":5,"column":2},"end":{"line":9,"column":3}},"type":"if","locations":[{"start":{"line":5,"column":2},"end":{"line":9,"column":3}},{"start":{"line":7,"column":9},"end":{"line":9,"column":3}}],"line":5},"1":{"loc":{"start":{"line":6,"column":46},"end":{"line":6,"column":59}},"type":"binary-expr","locations":[{"start":{"line":6,"column":46},"end":{"line":6,"column":52}},{"start":{"line":6,"column":56},"end":{"line":6,"column":59}}],"line":6},"2":{"loc":{"start":{"line":7,"column":9},"end":{"line":9,"column":3}},"type":"if","locations":[{"start":{"line":7,"column":9},"end":{"line":9,"column":3}},{"start":{},"end":{}}],"line":7},"3":{"loc":{"start":{"line":7,"column":13},"end":{"line":7,"column":61}},"type":"binary-expr","locations":[{"start":{"line":7,"column":13},"end":{"line":7,"column":19}},{"start":{"line":7,"column":23},"end":{"line":7,"column":61}}],"line":7},"4":{"loc":{"start":{"line":15,"column":2},"end":{"line":17,"column":3}},"type":"if","locations":[{"start":{"line":15,"column":2},"end":{"line":17,"column":3}},{"start":{},"end":{}}],"line":15}},"s":{"0":1,"1":3,"2":6,"3":6,"4":6,"5":6,"6":0,"7":0,"8":6,"9":6,"10":6,"11":6,"12":0,"13":6,"14":1},"f":{"0":3,"1":6},"b":{"0":[6,0],"1":[6,6],"2":[0,0],"3":[0,0],"4":[0,6]},"_coverageSchema":"1a1c01bbd47fc00a2c39e90264f33305004495a9","hash":"8bb402a46d10cf24f9019d8cce9a0bd9d9d99ffe"}
,"/Users/jvickram/Downloads/Projects/Practice_folder/Mobile App/copilot/language-guru/backend/src/middleware/errorHandlers.js": {"path":"/Users/jvickram/Downloads/Projects/Practice_folder/Mobile App/copilot/language-guru/backend/src/middleware/errorHandlers.js","statementMap":{"0":{"start":{"line":1,"column":16},"end":{"line":1,"column":40}},"1":{"start":{"line":3,"column":24},"end":{"line":5,"column":1}},"2":{"start":{"line":4,"column":2},"end":{"line":4,"column":53}},"3":{"start":{"line":7,"column":21},"end":{"line":10,"column":1}},"4":{"start":{"line":8,"column":2},"end":{"line":8,"column":49}},"5":{"start":{"line":9,"column":2},"end":{"line":9,"column":59}},"6":{"start":{"line":12,"column":0},"end":{"line":15,"column":2}}},"fnMap":{"0":{"name":"(anonymous_0)","decl":{"start":{"line":3,"column":24},"end":{"line":3,"column":25}},"loc":{"start":{"line":3,"column":38},"end":{"line":5,"column":1}},"line":3},"1":{"name":"(anonymous_1)","decl":{"start":{"line":7,"column":21},"end":{"line":7,"column":22}},"loc":{"start":{"line":7,"column":46},"end":{"line":10,"column":1}},"line":7}},"branchMap":{},"s":{"0":1,"1":1,"2":0,"3":1,"4":0,"5":0,"6":1},"f":{"0":0,"1":0},"b":{},"_coverageSchema":"1a1c01bbd47fc00a2c39e90264f33305004495a9","hash":"dc02d0ccbdfc514dd59d60c1976f5aad466a4c4d"}
,"/Users/jvickram/Downloads/Projects/Practice_folder/Mobile App/copilot/language-guru/backend/src/middleware/rateLimit.js": {"path":"/Users/jvickram/Downloads/Projects/Practice_folder/Mobile App/copilot/language-guru/backend/src/middleware/rateLimit.js","statementMap":{"0":{"start":{"line":1,"column":34},"end":{"line":26,"column":1}},"1":{"start":{"line":2,"column":23},"end":{"line":2,"column":32}},"2":{"start":{"line":4,"column":2},"end":{"line":25,"column":4}},"3":{"start":{"line":5,"column":15},"end":{"line":5,"column":66}},"4":{"start":{"line":6,"column":25},"end":{"line":6,"column":55}},"5":{"start":{"line":7,"column":16},"end":{"line":7,"column":39}},"6":{"start":{"line":8,"column":20},"end":{"line":8,"column":46}},"7":{"start":{"line":10,"column":4},"end":{"line":10,"column":39}},"8":{"start":{"line":11,"column":4},"end":{"line":13,"column":5}},"9":{"start":{"line":12,"column":6},"end":{"line":12,"column":84}},"10":{"start":{"line":15,"column":4},"end":{"line":22,"column":5}},"11":{"start":{"line":16,"column":24},"end":{"line":16,"column":40}},"12":{"start":{"line":17,"column":6},"end":{"line":21,"column":7}},"13":{"start":{"line":18,"column":8},"end":{"line":20,"column":9}},"14":{"start":{"line":19,"column":10},"end":{"line":19,"column":38}},"15":{"start":{"line":24,"column":4},"end":{"line":24,"column":18}},"16":{"start":{"line":28,"column":0},"end":{"line":30,"column":2}}},"fnMap":{"0":{"name":"(anonymous_0)","decl":{"start":{"line":1,"column":34},"end":{"line":1,"column":35}},"loc":{"start":{"line":1,"column":52},"end":{"line":26,"column":1}},"line":1},"1":{"name":"(anonymous_1)","decl":{"start":{"line":4,"column":9},"end":{"line":4,"column":10}},"loc":{"start":{"line":4,"column":29},"end":{"line":25,"column":3}},"line":4}},"branchMap":{"0":{"loc":{"start":{"line":5,"column":15},"end":{"line":5,"column":66}},"type":"binary-expr","locations":[{"start":{"line":5,"column":15},"end":{"line":5,"column":21}},{"start":{"line":5,"column":25},"end":{"line":5,"column":53}},{"start":{"line":5,"column":57},"end":{"line":5,"column":66}}],"line":5},"1":{"loc":{"start":{"line":8,"column":20},"end":{"line":8,"column":46}},"type":"binary-expr","locations":[{"start":{"line":8,"column":20},"end":{"line":8,"column":41}},{"start":{"line":8,"column":45},"end":{"line":8,"column":46}}],"line":8},"2":{"loc":{"start":{"line":11,"column":4},"end":{"line":13,"column":5}},"type":"if","locations":[{"start":{"line":11,"column":4},"end":{"line":13,"column":5}},{"start":{},"end":{}}],"line":11},"3":{"loc":{"start":{"line":15,"column":4},"end":{"line":22,"column":5}},"type":"if","locations":[{"start":{"line":15,"column":4},"end":{"line":22,"column":5}},{"start":{},"end":{}}],"line":15},"4":{"loc":{"start":{"line":18,"column":8},"end":{"line":20,"column":9}},"type":"if","locations":[{"start":{"line":18,"column":8},"end":{"line":20,"column":9}},{"start":{},"end":{}}],"line":18}},"s":{"0":1,"1":3,"2":3,"3":6,"4":6,"5":6,"6":6,"7":6,"8":6,"9":0,"10":6,"11":0,"12":0,"13":0,"14":0,"15":6,"16":1},"f":{"0":3,"1":6},"b":{"0":[6,0,0],"1":[6,3],"2":[0,6],"3":[0,6],"4":[0,0]},"_coverageSchema":"1a1c01bbd47fc00a2c39e90264f33305004495a9","hash":"fb64a912cbded290b4ddd63ac12684dd1fd95b0c"}
,"/Users/jvickram/Downloads/Projects/Practice_folder/Mobile App/copilot/language-guru/backend/src/middleware/requestLogger.js": {"path":"/Users/jvickram/Downloads/Projects/Practice_folder/Mobile App/copilot/language-guru/backend/src/middleware/requestLogger.js","statementMap":{"0":{"start":{"line":1,"column":16},"end":{"line":1,"column":40}},"1":{"start":{"line":3,"column":22},"end":{"line":10,"column":1}},"2":{"start":{"line":4,"column":18},"end":{"line":4,"column":28}},"3":{"start":{"line":5,"column":2},"end":{"line":8,"column":5}},"4":{"start":{"line":6,"column":22},"end":{"line":6,"column":42}},"5":{"start":{"line":7,"column":4},"end":{"line":7,"column":94}},"6":{"start":{"line":9,"column":2},"end":{"line":9,"column":9}},"7":{"start":{"line":12,"column":0},"end":{"line":14,"column":2}}},"fnMap":{"0":{"name":"(anonymous_0)","decl":{"start":{"line":3,"column":22},"end":{"line":3,"column":23}},"loc":{"start":{"line":3,"column":42},"end":{"line":10,"column":1}},"line":3},"1":{"name":"(anonymous_1)","decl":{"start":{"line":5,"column":19},"end":{"line":5,"column":20}},"loc":{"start":{"line":5,"column":25},"end":{"line":8,"column":3}},"line":5}},"branchMap":{},"s":{"0":1,"1":1,"2":6,"3":6,"4":6,"5":6,"6":6,"7":1},"f":{"0":6,"1":6},"b":{},"_coverageSchema":"1a1c01bbd47fc00a2c39e90264f33305004495a9","hash":"3132d06b9c7b30b8cdf7b19a23dc670d1912cafc"}
,"/Users/jvickram/Downloads/Projects/Practice_folder/Mobile App/copilot/language-guru/backend/src/middleware/securityHeaders.js": {"path":"/Users/jvickram/Downloads/Projects/Practice_folder/Mobile App/copilot/language-guru/backend/src/middleware/securityHeaders.js","statementMap":{"0":{"start":{"line":1,"column":24},"end":{"line":7,"column":1}},"1":{"start":{"line":2,"column":2},"end":{"line":2,"column":53}},"2":{"start":{"line":3,"column":2},"end":{"line":3,"column":43}},"3":{"start":{"line":4,"column":2},"end":{"line":4,"column":50}},"4":{"start":{"line":5,"column":2},"end":{"line":5,"column":61}},"5":{"start":{"line":6,"column":2},"end":{"line":6,"column":16}},"6":{"start":{"line":9,"column":0},"end":{"line":11,"column":2}}},"fnMap":{"0":{"name":"(anonymous_0)","decl":{"start":{"line":1,"column":24},"end":{"line":1,"column":25}},"loc":{"start":{"line":1,"column":44},"end":{"line":7,"column":1}},"line":1}},"branchMap":{},"s":{"0":1,"1":6,"2":6,"3":6,"4":6,"5":6,"6":1},"f":{"0":6},"b":{},"_coverageSchema":"1a1c01bbd47fc00a2c39e90264f33305004495a9","hash":"106729ff29166f99d166566f0b8ce92b53cabd5b"}
,"/Users/jvickram/Downloads/Projects/Practice_folder/Mobile App/copilot/language-guru/backend/src/routes/auth.js": {"path":"/Users/jvickram/Downloads/Projects/Practice_folder/Mobile App/copilot/language-guru/backend/src/routes/auth.js","statementMap":{"0":{"start":{"line":1,"column":16},"end":{"line":1,"column":34}},"1":{"start":{"line":2,"column":15},"end":{"line":2,"column":34}},"2":{"start":{"line":3,"column":40},"end":{"line":3,"column":73}},"3":{"start":{"line":4,"column":36},"end":{"line":4,"column":70}},"4":{"start":{"line":6,"column":25},"end":{"line":55,"column":1}},"5":{"start":{"line":7,"column":17},"end":{"line":7,"column":33}},"6":{"start":{"line":9,"column":2},"end":{"line":30,"column":5}},"7":{"start":{"line":10,"column":29},"end":{"line":10,"column":68}},"8":{"start":{"line":11,"column":4},"end":{"line":13,"column":5}},"9":{"start":{"line":12,"column":6},"end":{"line":12,"column":71}},"10":{"start":{"line":15,"column":18},"end":{"line":15,"column":41}},"11":{"start":{"line":16,"column":21},"end":{"line":16,"column":61}},"12":{"start":{"line":17,"column":4},"end":{"line":19,"column":5}},"13":{"start":{"line":18,"column":6},"end":{"line":18,"column":73}},"14":{"start":{"line":21,"column":20},"end":{"line":26,"column":6}},"15":{"start":{"line":28,"column":18},"end":{"line":28,"column":44}},"16":{"start":{"line":29,"column":4},"end":{"line":29,"column":72}},"17":{"start":{"line":32,"column":2},"end":{"line":52,"column":5}},"18":{"start":{"line":33,"column":29},"end":{"line":33,"column":65}},"19":{"start":{"line":34,"column":4},"end":{"line":36,"column":5}},"20":{"start":{"line":35,"column":6},"end":{"line":35,"column":71}},"21":{"start":{"line":38,"column":18},"end":{"line":38,"column":41}},"22":{"start":{"line":39,"column":17},"end":{"line":39,"column":57}},"23":{"start":{"line":40,"column":4},"end":{"line":42,"column":5}},"24":{"start":{"line":41,"column":6},"end":{"line":41,"column":74}},"25":{"start":{"line":44,"column":24},"end":{"line":44,"column":28}},"26":{"start":{"line":45,"column":26},"end":{"line":45,"column":71}},"27":{"start":{"line":46,"column":4},"end":{"line":48,"column":5}},"28":{"start":{"line":47,"column":6},"end":{"line":47,"column":73}},"29":{"start":{"line":50,"column":18},"end":{"line":50,"column":50}},"30":{"start":{"line":51,"column":4},"end":{"line":51,"column":66}},"31":{"start":{"line":54,"column":2},"end":{"line":54,"column":16}},"32":{"start":{"line":57,"column":0},"end":{"line":59,"column":2}}},"fnMap":{"0":{"name":"(anonymous_0)","decl":{"start":{"line":6,"column":25},"end":{"line":6,"column":26}},"loc":{"start":{"line":6,"column":55},"end":{"line":55,"column":1}},"line":6},"1":{"name":"(anonymous_1)","decl":{"start":{"line":9,"column":32},"end":{"line":9,"column":33}},"loc":{"start":{"line":9,"column":52},"end":{"line":30,"column":3}},"line":9},"2":{"name":"(anonymous_2)","decl":{"start":{"line":32,"column":29},"end":{"line":32,"column":30}},"loc":{"start":{"line":32,"column":49},"end":{"line":52,"column":3}},"line":32}},"branchMap":{"0":{"loc":{"start":{"line":10,"column":53},"end":{"line":10,"column":67}},"type":"binary-expr","locations":[{"start":{"line":10,"column":53},"end":{"line":10,"column":61}},{"start":{"line":10,"column":65},"end":{"line":10,"column":67}}],"line":10},"1":{"loc":{"start":{"line":11,"column":4},"end":{"line":13,"column":5}},"type":"if","locations":[{"start":{"line":11,"column":4},"end":{"line":13,"column":5}},{"start":{},"end":{}}],"line":11},"2":{"loc":{"start":{"line":17,"column":4},"end":{"line":19,"column":5}},"type":"if","locations":[{"start":{"line":17,"column":4},"end":{"line":19,"column":5}},{"start":{},"end":{}}],"line":17},"3":{"loc":{"start":{"line":22,"column":17},"end":{"line":22,"column":45}},"type":"binary-expr","locations":[{"start":{"line":22,"column":17},"end":{"line":22,"column":31}},{"start":{"line":22,"column":35},"end":{"line":22,"column":45}}],"line":22},"4":{"loc":{"start":{"line":24,"column":13},"end":{"line":24,"column":66}},"type":"binary-expr","locations":[{"start":{"line":24,"column":13},"end":{"line":24,"column":23}},{"start":{"line":24,"column":27},"end":{"line":24,"column":43}},{"start":{"line":24,"column":47},"end":{"line":24,"column":66}}],"line":24},"5":{"loc":{"start":{"line":33,"column":50},"end":{"line":33,"column":64}},"type":"binary-expr","locations":[{"start":{"line":33,"column":50},"end":{"line":33,"column":58}},{"start":{"line":33,"column":62},"end":{"line":33,"column":64}}],"line":33},"6":{"loc":{"start":{"line":34,"column":4},"end":{"line":36,"column":5}},"type":"if","locations":[{"start":{"line":34,"column":4},"end":{"line":36,"column":5}},{"start":{},"end":{}}],"line":34},"7":{"loc":{"start":{"line":40,"column":4},"end":{"line":42,"column":5}},"type":"if","locations":[{"start":{"line":40,"column":4},"end":{"line":42,"column":5}},{"start":{},"end":{}}],"line":40},"8":{"loc":{"start":{"line":40,"column":8},"end":{"line":40,"column":71}},"type":"binary-expr","locations":[{"start":{"line":40,"column":8},"end":{"line":40,"column":13}},{"start":{"line":40,"column":17},"end":{"line":40,"column":71}}],"line":40},"9":{"loc":{"start":{"line":45,"column":27},"end":{"line":45,"column":63}},"type":"binary-expr","locations":[{"start":{"line":45,"column":27},"end":{"line":45,"column":37}},{"start":{"line":45,"column":41},"end":{"line":45,"column":57}},{"start":{"line":45,"column":61},"end":{"line":45,"column":63}}],"line":45},"10":{"loc":{"start":{"line":46,"column":4},"end":{"line":48,"column":5}},"type":"if","locations":[{"start":{"line":46,"column":4},"end":{"line":48,"column":5}},{"start":{},"end":{}}],"line":46},"11":{"loc":{"start":{"line":46,"column":8},"end":{"line":46,"column":52}},"type":"binary-expr","locations":[{"start":{"line":46,"column":8},"end":{"line":46,"column":21}},{"start":{"line":46,"column":25},"end":{"line":46,"column":52}}],"line":46}},"s":{"0":1,"1":1,"2":1,"3":1,"4":1,"5":3,"6":3,"7":1,"8":1,"9":0,"10":1,"11":1,"12":1,"13":0,"14":1,"15":1,"16":1,"17":3,"18":2,"19":2,"20":0,"21":2,"22":2,"23":2,"24":0,"25":2,"26":2,"27":2,"28":1,"29":2,"30":2,"31":3,"32":1},"f":{"0":3,"1":1,"2":2},"b":{"0":[1,0],"1":[0,1],"2":[0,1],"3":[1,1],"4":[1,1,0],"5":[2,0],"6":[0,2],"7":[0,2],"8":[2,2],"9":[2,2,1],"10":[1,1],"11":[2,1]},"_coverageSchema":"1a1c01bbd47fc00a2c39e90264f33305004495a9","hash":"b104af728420b5d630cf9d518734a9417f02d2a8"}
,"/Users/jvickram/Downloads/Projects/Practice_folder/Mobile App/copilot/language-guru/backend/src/routes/health.js": {"path":"/Users/jvickram/Downloads/Projects/Practice_folder/Mobile App/copilot/language-guru/backend/src/routes/health.js","statementMap":{"0":{"start":{"line":1,"column":16},"end":{"line":1,"column":34}},"1":{"start":{"line":2,"column":16},"end":{"line":2,"column":40}},"2":{"start":{"line":4,"column":27},"end":{"line":27,"column":1}},"3":{"start":{"line":5,"column":17},"end":{"line":5,"column":33}},"4":{"start":{"line":7,"column":2},"end":{"line":16,"column":5}},"5":{"start":{"line":8,"column":4},"end":{"line":15,"column":7}},"6":{"start":{"line":18,"column":2},"end":{"line":24,"column":5}},"7":{"start":{"line":19,"column":18},"end":{"line":19,"column":55}},"8":{"start":{"line":20,"column":4},"end":{"line":22,"column":5}},"9":{"start":{"line":21,"column":6},"end":{"line":21,"column":59}},"10":{"start":{"line":23,"column":4},"end":{"line":23,"column":41}},"11":{"start":{"line":26,"column":2},"end":{"line":26,"column":16}},"12":{"start":{"line":29,"column":0},"end":{"line":31,"column":2}}},"fnMap":{"0":{"name":"(anonymous_0)","decl":{"start":{"line":4,"column":27},"end":{"line":4,"column":28}},"loc":{"start":{"line":4,"column":57},"end":{"line":27,"column":1}},"line":4},"1":{"name":"(anonymous_1)","decl":{"start":{"line":7,"column":24},"end":{"line":7,"column":25}},"loc":{"start":{"line":7,"column":44},"end":{"line":16,"column":3}},"line":7},"2":{"name":"(anonymous_2)","decl":{"start":{"line":18,"column":23},"end":{"line":18,"column":24}},"loc":{"start":{"line":18,"column":43},"end":{"line":24,"column":3}},"line":18}},"branchMap":{"0":{"loc":{"start":{"line":20,"column":4},"end":{"line":22,"column":5}},"type":"if","locations":[{"start":{"line":20,"column":4},"end":{"line":22,"column":5}},{"start":{},"end":{}}],"line":20}},"s":{"0":1,"1":1,"2":1,"3":3,"4":3,"5":0,"6":3,"7":0,"8":0,"9":0,"10":0,"11":3,"12":1},"f":{"0":3,"1":0,"2":0},"b":{"0":[0,0]},"_coverageSchema":"1a1c01bbd47fc00a2c39e90264f33305004495a9","hash":"d05f5394e553db2e49dabea8c6745e787024cfce"}
,"/Users/jvickram/Downloads/Projects/Practice_folder/Mobile App/copilot/language-guru/backend/src/routes/learning.js": {"path":"/Users/jvickram/Downloads/Projects/Practice_folder/Mobile App/copilot/language-guru/backend/src/routes/learning.js","statementMap":{"0":{"start":{"line":1,"column":16},"end":{"line":1,"column":34}},"1":{"start":{"line":2,"column":27},"end":{"line":2,"column":63}},"2":{"start":{"line":3,"column":62},"end":{"line":3,"column":98}},"3":{"start":{"line":5,"column":29},"end":{"line":66,"column":1}},"4":{"start":{"line":6,"column":17},"end":{"line":6,"column":33}},"5":{"start":{"line":8,"column":2},"end":{"line":14,"column":5}},"6":{"start":{"line":9,"column":18},"end":{"line":9,"column":41}},"7":{"start":{"line":10,"column":20},"end":{"line":10,"column":44}},"8":{"start":{"line":11,"column":21},"end":{"line":11,"column":64}},"9":{"start":{"line":12,"column":19},"end":{"line":12,"column":53}},"10":{"start":{"line":13,"column":4},"end":{"line":13,"column":32}},"11":{"start":{"line":16,"column":2},"end":{"line":23,"column":5}},"12":{"start":{"line":17,"column":18},"end":{"line":17,"column":41}},"13":{"start":{"line":18,"column":41},"end":{"line":18,"column":50}},"14":{"start":{"line":19,"column":20},"end":{"line":19,"column":72}},"15":{"start":{"line":20,"column":21},"end":{"line":20,"column":64}},"16":{"start":{"line":21,"column":24},"end":{"line":21,"column":69}},"17":{"start":{"line":21,"column":52},"end":{"line":21,"column":67}},"18":{"start":{"line":22,"column":4},"end":{"line":22,"column":87}},"19":{"start":{"line":22,"column":50},"end":{"line":22,"column":82}},"20":{"start":{"line":25,"column":2},"end":{"line":35,"column":5}},"21":{"start":{"line":26,"column":18},"end":{"line":26,"column":41}},"22":{"start":{"line":27,"column":19},"end":{"line":27,"column":59}},"23":{"start":{"line":28,"column":4},"end":{"line":30,"column":5}},"24":{"start":{"line":29,"column":6},"end":{"line":29,"column":65}},"25":{"start":{"line":32,"column":21},"end":{"line":32,"column":64}},"26":{"start":{"line":33,"column":24},"end":{"line":33,"column":69}},"27":{"start":{"line":33,"column":52},"end":{"line":33,"column":67}},"28":{"start":{"line":34,"column":4},"end":{"line":34,"column":59}},"29":{"start":{"line":37,"column":2},"end":{"line":58,"column":5}},"30":{"start":{"line":38,"column":29},"end":{"line":38,"column":68}},"31":{"start":{"line":39,"column":4},"end":{"line":41,"column":5}},"32":{"start":{"line":40,"column":6},"end":{"line":40,"column":71}},"33":{"start":{"line":43,"column":18},"end":{"line":43,"column":41}},"34":{"start":{"line":44,"column":19},"end":{"line":44,"column":60}},"35":{"start":{"line":45,"column":4},"end":{"line":47,"column":5}},"36":{"start":{"line":46,"column":6},"end":{"line":46,"column":65}},"37":{"start":{"line":49,"column":4},"end":{"line":54,"column":7}},"38":{"start":{"line":56,"column":21},"end":{"line":56,"column":64}},"39":{"start":{"line":57,"column":4},"end":{"line":57,"column":72}},"40":{"start":{"line":60,"column":2},"end":{"line":63,"column":5}},"41":{"start":{"line":61,"column":21},"end":{"line":61,"column":82}},"42":{"start":{"line":62,"column":4},"end":{"line":62,"column":60}},"43":{"start":{"line":65,"column":2},"end":{"line":65,"column":16}},"44":{"start":{"line":68,"column":0},"end":{"line":70,"column":2}}},"fnMap":{"0":{"name":"(anonymous_0)","decl":{"start":{"line":5,"column":29},"end":{"line":5,"column":30}},"loc":{"start":{"line":5,"column":67},"end":{"line":66,"column":1}},"line":5},"1":{"name":"(anonymous_1)","decl":{"start":{"line":8,"column":40},"end":{"line":8,"column":41}},"loc":{"start":{"line":8,"column":60},"end":{"line":14,"column":3}},"line":8},"2":{"name":"(anonymous_2)","decl":{"start":{"line":16,"column":41},"end":{"line":16,"column":42}},"loc":{"start":{"line":16,"column":61},"end":{"line":23,"column":3}},"line":16},"3":{"name":"(anonymous_3)","decl":{"start":{"line":21,"column":45},"end":{"line":21,"column":46}},"loc":{"start":{"line":21,"column":52},"end":{"line":21,"column":67}},"line":21},"4":{"name":"(anonymous_4)","decl":{"start":{"line":22,"column":43},"end":{"line":22,"column":44}},"loc":{"start":{"line":22,"column":50},"end":{"line":22,"column":82}},"line":22},"5":{"name":"(anonymous_5)","decl":{"start":{"line":25,"column":45},"end":{"line":25,"column":46}},"loc":{"start":{"line":25,"column":65},"end":{"line":35,"column":3}},"line":25},"6":{"name":"(anonymous_6)","decl":{"start":{"line":33,"column":45},"end":{"line":33,"column":46}},"loc":{"start":{"line":33,"column":52},"end":{"line":33,"column":67}},"line":33},"7":{"name":"(anonymous_7)","decl":{"start":{"line":37,"column":43},"end":{"line":37,"column":44}},"loc":{"start":{"line":37,"column":63},"end":{"line":58,"column":3}},"line":37},"8":{"name":"(anonymous_8)","decl":{"start":{"line":60,"column":42},"end":{"line":60,"column":43}},"loc":{"start":{"line":60,"column":62},"end":{"line":63,"column":3}},"line":60}},"branchMap":{"0":{"loc":{"start":{"line":28,"column":4},"end":{"line":30,"column":5}},"type":"if","locations":[{"start":{"line":28,"column":4},"end":{"line":30,"column":5}},{"start":{},"end":{}}],"line":28},"1":{"loc":{"start":{"line":38,"column":53},"end":{"line":38,"column":67}},"type":"binary-expr","locations":[{"start":{"line":38,"column":53},"end":{"line":38,"column":61}},{"start":{"line":38,"column":65},"end":{"line":38,"column":67}}],"line":38},"2":{"loc":{"start":{"line":39,"column":4},"end":{"line":41,"column":5}},"type":"if","locations":[{"start":{"line":39,"column":4},"end":{"line":41,"column":5}},{"start":{},"end":{}}],"line":39},"3":{"loc":{"start":{"line":45,"column":4},"end":{"line":47,"column":5}},"type":"if","locations":[{"start":{"line":45,"column":4},"end":{"line":47,"column":5}},{"start":{},"end":{}}],"line":45}},"s":{"0":1,"1":1,"2":1,"3":1,"4":3,"5":3,"6":0,"7":0,"8":0,"9":0,"10":0,"11":3,"12":1,"13":1,"14":1,"15":1,"16":1,"17":0,"18":1,"19":1,"20":3,"21":0,"22":0,"23":0,"24":0,"25":0,"26":0,"27":0,"28":0,"29":3,"30":1,"31":1,"32":0,"33":1,"34":1,"35":1,"36":0,"37":1,"38":1,"39":1,"40":3,"41":0,"42":0,"43":3,"44":1},"f":{"0":3,"1":0,"2":1,"3":0,"4":1,"5":0,"6":0,"7":1,"8":0},"b":{"0":[0,0],"1":[1,0],"2":[0,1],"3":[0,1]},"_coverageSchema":"1a1c01bbd47fc00a2c39e90264f33305004495a9","hash":"c6afe16a9f38fd7fe4fda19b0a47cef74b062faf"}
,"/Users/jvickram/Downloads/Projects/Practice_folder/Mobile App/copilot/language-guru/backend/src/schemas/authSchemas.js": {"path":"/Users/jvickram/Downloads/Projects/Practice_folder/Mobile App/copilot/language-guru/backend/src/schemas/authSchemas.js","statementMap":{"0":{"start":{"line":1,"column":12},"end":{"line":1,"column":26}},"1":{"start":{"line":3,"column":23},"end":{"line":14,"column":4}},"2":{"start":{"line":16,"column":20},"end":{"line":21,"column":2}},"3":{"start":{"line":23,"column":0},"end":{"line":26,"column":2}}},"fnMap":{},"branchMap":{},"s":{"0":1,"1":1,"2":1,"3":1},"f":{},"b":{},"_coverageSchema":"1a1c01bbd47fc00a2c39e90264f33305004495a9","hash":"97444db8027625a37218ff8013f20428d492d750"}
,"/Users/jvickram/Downloads/Projects/Practice_folder/Mobile App/copilot/language-guru/backend/src/schemas/progressSchema.js": {"path":"/Users/jvickram/Downloads/Projects/Practice_folder/Mobile App/copilot/language-guru/backend/src/schemas/progressSchema.js","statementMap":{"0":{"start":{"line":1,"column":12},"end":{"line":1,"column":26}},"1":{"start":{"line":3,"column":23},"end":{"line":7,"column":2}},"2":{"start":{"line":9,"column":0},"end":{"line":11,"column":2}}},"fnMap":{},"branchMap":{},"s":{"0":1,"1":1,"2":1},"f":{},"b":{},"_coverageSchema":"1a1c01bbd47fc00a2c39e90264f33305004495a9","hash":"063ec56455eb59fb4e6b79c7a8875669c72fdc4d"}
,"/Users/jvickram/Downloads/Projects/Practice_folder/Mobile App/copilot/language-guru/backend/src/services/authService.js": {"path":"/Users/jvickram/Downloads/Projects/Practice_folder/Mobile App/copilot/language-guru/backend/src/services/authService.js","statementMap":{"0":{"start":{"line":1,"column":12},"end":{"line":1,"column":35}},"1":{"start":{"line":3,"column":18},"end":{"line":6,"column":4}},"2":{"start":{"line":4,"column":2},"end":{"line":6,"column":4}},"3":{"start":{"line":8,"column":21},"end":{"line":16,"column":2}},"4":{"start":{"line":8,"column":32},"end":{"line":16,"column":1}},"5":{"start":{"line":18,"column":0},"end":{"line":21,"column":2}}},"fnMap":{"0":{"name":"(anonymous_0)","decl":{"start":{"line":3,"column":18},"end":{"line":3,"column":19}},"loc":{"start":{"line":4,"column":2},"end":{"line":6,"column":4}},"line":4},"1":{"name":"(anonymous_1)","decl":{"start":{"line":8,"column":21},"end":{"line":8,"column":22}},"loc":{"start":{"line":8,"column":32},"end":{"line":16,"column":1}},"line":8}},"branchMap":{},"s":{"0":2,"1":2,"2":4,"3":2,"4":4,"5":2},"f":{"0":4,"1":4},"b":{},"_coverageSchema":"1a1c01bbd47fc00a2c39e90264f33305004495a9","hash":"960287f4eab0b89b2091dfc3a5efa1101fcd9e60"}
,"/Users/jvickram/Downloads/Projects/Practice_folder/Mobile App/copilot/language-guru/backend/src/services/lessonService.js": {"path":"/Users/jvickram/Downloads/Projects/Practice_folder/Mobile App/copilot/language-guru/backend/src/services/lessonService.js","statementMap":{"0":{"start":{"line":1,"column":25},"end":{"line":8,"column":1}},"1":{"start":{"line":2,"column":25},"end":{"line":2,"column":55}},"2":{"start":{"line":3,"column":2},"end":{"line":7,"column":4}},"3":{"start":{"line":10,"column":24},"end":{"line":41,"column":1}},"4":{"start":{"line":11,"column":22},"end":{"line":11,"column":67}},"5":{"start":{"line":11,"column":50},"end":{"line":11,"column":65}},"6":{"start":{"line":12,"column":19},"end":{"line":12,"column":28}},"7":{"start":{"line":14,"column":2},"end":{"line":35,"column":3}},"8":{"start":{"line":15,"column":16},"end":{"line":15,"column":43}},"9":{"start":{"line":16,"column":20},"end":{"line":24,"column":5}},"10":{"start":{"line":26,"column":4},"end":{"line":26,"column":30}},"11":{"start":{"line":27,"column":27},"end":{"line":27,"column":53}},"12":{"start":{"line":28,"column":4},"end":{"line":28,"column":82}},"13":{"start":{"line":28,"column":52},"end":{"line":28,"column":82}},"14":{"start":{"line":29,"column":4},"end":{"line":32,"column":5}},"15":{"start":{"line":30,"column":6},"end":{"line":30,"column":49}},"16":{"start":{"line":31,"column":6},"end":{"line":31,"column":31}},"17":{"start":{"line":34,"column":4},"end":{"line":34,"column":31}},"18":{"start":{"line":37,"column":2},"end":{"line":40,"column":6}},"19":{"start":{"line":37,"column":55},"end":{"line":40,"column":3}},"20":{"start":{"line":43,"column":23},"end":{"line":49,"column":5}},"21":{"start":{"line":44,"column":2},"end":{"line":49,"column":5}},"22":{"start":{"line":44,"column":23},"end":{"line":49,"column":3}},"23":{"start":{"line":51,"column":0},"end":{"line":55,"column":2}}},"fnMap":{"0":{"name":"(anonymous_0)","decl":{"start":{"line":1,"column":25},"end":{"line":1,"column":26}},"loc":{"start":{"line":1,"column":54},"end":{"line":8,"column":1}},"line":1},"1":{"name":"(anonymous_1)","decl":{"start":{"line":10,"column":24},"end":{"line":10,"column":25}},"loc":{"start":{"line":10,"column":47},"end":{"line":41,"column":1}},"line":10},"2":{"name":"(anonymous_2)","decl":{"start":{"line":11,"column":43},"end":{"line":11,"column":44}},"loc":{"start":{"line":11,"column":50},"end":{"line":11,"column":65}},"line":11},"3":{"name":"(anonymous_3)","decl":{"start":{"line":37,"column":43},"end":{"line":37,"column":44}},"loc":{"start":{"line":37,"column":55},"end":{"line":40,"column":3}},"line":37},"4":{"name":"(anonymous_4)","decl":{"start":{"line":43,"column":23},"end":{"line":43,"column":24}},"loc":{"start":{"line":44,"column":2},"end":{"line":49,"column":5}},"line":44},"5":{"name":"(anonymous_5)","decl":{"start":{"line":44,"column":15},"end":{"line":44,"column":16}},"loc":{"start":{"line":44,"column":23},"end":{"line":49,"column":3}},"line":44}},"branchMap":{"0":{"loc":{"start":{"line":5,"column":23},"end":{"line":5,"column":65}},"type":"binary-expr","locations":[{"start":{"line":5,"column":23},"end":{"line":5,"column":37}},{"start":{"line":5,"column":41},"end":{"line":5,"column":65}}],"line":5},"1":{"loc":{"start":{"line":6,"column":11},"end":{"line":6,"column":55}},"type":"cond-expr","locations":[{"start":{"line":6,"column":28},"end":{"line":6,"column":48}},{"start":{"line":6,"column":51},"end":{"line":6,"column":55}}],"line":6},"2":{"loc":{"start":{"line":15,"column":16},"end":{"line":15,"column":43}},"type":"binary-expr","locations":[{"start":{"line":15,"column":16},"end":{"line":15,"column":30}},{"start":{"line":15,"column":34},"end":{"line":15,"column":43}}],"line":15},"3":{"loc":{"start":{"line":16,"column":20},"end":{"line":24,"column":5}},"type":"binary-expr","locations":[{"start":{"line":16,"column":20},"end":{"line":16,"column":37}},{"start":{"line":16,"column":41},"end":{"line":24,"column":5}}],"line":16},"4":{"loc":{"start":{"line":18,"column":17},"end":{"line":18,"column":46}},"type":"binary-expr","locations":[{"start":{"line":18,"column":17},"end":{"line":18,"column":33}},{"start":{"line":18,"column":37},"end":{"line":18,"column":46}}],"line":18},"5":{"loc":{"start":{"line":28,"column":4},"end":{"line":28,"column":82}},"type":"if","locations":[{"start":{"line":28,"column":4},"end":{"line":28,"column":82}},{"start":{},"end":{}}],"line":28},"6":{"loc":{"start":{"line":28,"column":8},"end":{"line":28,"column":50}},"type":"binary-expr","locations":[{"start":{"line":28,"column":8},"end":{"line":28,"column":22}},{"start":{"line":28,"column":26},"end":{"line":28,"column":50}}],"line":28},"7":{"loc":{"start":{"line":29,"column":4},"end":{"line":32,"column":5}},"type":"if","locations":[{"start":{"line":29,"column":4},"end":{"line":32,"column":5}},{"start":{},"end":{}}],"line":29},"8":{"loc":{"start":{"line":29,"column":8},"end":{"line":29,"column":66}},"type":"binary-expr","locations":[{"start":{"line":29,"column":8},"end":{"line":29,"column":22}},{"start":{"line":29,"column":26},"end":{"line":29,"column":66}}],"line":29},"9":{"loc":{"start":{"line":39,"column":18},"end":{"line":39,"column":94}},"type":"cond-expr","locations":[{"start":{"line":39,"column":42},"end":{"line":39,"column":90}},{"start":{"line":39,"column":93},"end":{"line":39,"column":94}}],"line":39}},"s":{"0":2,"1":2,"2":2,"3":2,"4":1,"5":3,"6":1,"7":1,"8":3,"9":3,"10":3,"11":3,"12":3,"13":2,"14":3,"15":3,"16":3,"17":3,"18":1,"19":2,"20":2,"21":2,"22":2,"23":2},"f":{"0":2,"1":1,"2":3,"3":2,"4":2,"5":2},"b":{"0":[2,1],"1":[1,1],"2":[3,0],"3":[3,2],"4":[2,0],"5":[2,1],"6":[3,3],"7":[3,0],"8":[3,3],"9":[2,0]},"_coverageSchema":"1a1c01bbd47fc00a2c39e90264f33305004495a9","hash":"8152e7a7b0c97b847ebd9aa9363ad5aeaba00154"}
,"/Users/jvickram/Downloads/Projects/Practice_folder/Mobile App/copilot/language-guru/backend/src/store/index.js": {"path":"/Users/jvickram/Downloads/Projects/Practice_folder/Mobile App/copilot/language-guru/backend/src/store/index.js","statementMap":{"0":{"start":{"line":1,"column":17},"end":{"line":1,"column":36}},"1":{"start":{"line":2,"column":30},"end":{"line":2,"column":54}},"2":{"start":{"line":3,"column":29},"end":{"line":3,"column":52}},"3":{"start":{"line":4,"column":16},"end":{"line":4,"column":40}},"4":{"start":{"line":6,"column":27},"end":{"line":27,"column":1}},"5":{"start":{"line":7,"column":14},"end":{"line":7,"column":33}},"6":{"start":{"line":9,"column":2},"end":{"line":26,"column":4}},"7":{"start":{"line":11,"column":6},"end":{"line":17,"column":7}},"8":{"start":{"line":12,"column":8},"end":{"line":12,"column":47}},"9":{"start":{"line":13,"column":8},"end":{"line":13,"column":58}},"10":{"start":{"line":15,"column":8},"end":{"line":15,"column":36}},"11":{"start":{"line":16,"column":8},"end":{"line":16,"column":56}},"12":{"start":{"line":19,"column":20},"end":{"line":19,"column":25}},"13":{"start":{"line":20,"column":19},"end":{"line":20,"column":29}},"14":{"start":{"line":22,"column":6},"end":{"line":24,"column":7}},"15":{"start":{"line":23,"column":8},"end":{"line":23,"column":42}},"16":{"start":{"line":29,"column":0},"end":{"line":31,"column":2}}},"fnMap":{"0":{"name":"(anonymous_0)","decl":{"start":{"line":6,"column":27},"end":{"line":6,"column":28}},"loc":{"start":{"line":6,"column":39},"end":{"line":27,"column":1}},"line":6},"1":{"name":"(anonymous_1)","decl":{"start":{"line":10,"column":10},"end":{"line":10,"column":11}},"loc":{"start":{"line":10,"column":22},"end":{"line":18,"column":5}},"line":10},"2":{"name":"(anonymous_2)","decl":{"start":{"line":19,"column":14},"end":{"line":19,"column":15}},"loc":{"start":{"line":19,"column":20},"end":{"line":19,"column":25}},"line":19},"3":{"name":"(anonymous_3)","decl":{"start":{"line":20,"column":13},"end":{"line":20,"column":14}},"loc":{"start":{"line":20,"column":19},"end":{"line":20,"column":29}},"line":20},"4":{"name":"(anonymous_4)","decl":{"start":{"line":21,"column":11},"end":{"line":21,"column":12}},"loc":{"start":{"line":21,"column":23},"end":{"line":25,"column":5}},"line":21}},"branchMap":{"0":{"loc":{"start":{"line":11,"column":6},"end":{"line":17,"column":7}},"type":"if","locations":[{"start":{"line":11,"column":6},"end":{"line":17,"column":7}},{"start":{"line":14,"column":13},"end":{"line":17,"column":7}}],"line":11},"1":{"loc":{"start":{"line":11,"column":10},"end":{"line":11,"column":57}},"type":"binary-expr","locations":[{"start":{"line":11,"column":10},"end":{"line":11,"column":38}},{"start":{"line":11,"column":42},"end":{"line":11,"column":57}}],"line":11},"2":{"loc":{"start":{"line":22,"column":6},"end":{"line":24,"column":7}},"type":"if","locations":[{"start":{"line":22,"column":6},"end":{"line":24,"column":7}},{"start":{},"end":{}}],"line":22}},"s":{"0":0,"1":0,"2":0,"3":0,"4":0,"5":0,"6":0,"7":0,"8":0,"9":0,"10":0,"11":0,"12":0,"13":0,"14":0,"15":0,"16":0},"f":{"0":0,"1":0,"2":0,"3":0,"4":0},"b":{"0":[0,0],"1":[0,0],"2":[0,0]}}
,"/Users/jvickram/Downloads/Projects/Practice_folder/Mobile App/copilot/language-guru/backend/src/store/memoryStore.js": {"path":"/Users/jvickram/Downloads/Projects/Practice_folder/Mobile App/copilot/language-guru/backend/src/store/memoryStore.js","statementMap":{"0":{"start":{"line":1,"column":15},"end":{"line":1,"column":34}},"1":{"start":{"line":2,"column":25},"end":{"line":2,"column":54}},"2":{"start":{"line":3,"column":16},"end":{"line":3,"column":40}},"3":{"start":{"line":5,"column":26},"end":{"line":71,"column":1}},"4":{"start":{"line":6,"column":16},"end":{"line":19,"column":3}},"5":{"start":{"line":17,"column":43},"end":{"line":17,"column":95}},"6":{"start":{"line":21,"column":2},"end":{"line":70,"column":4}},"7":{"start":{"line":23,"column":23},"end":{"line":23,"column":27}},"8":{"start":{"line":24,"column":38},"end":{"line":24,"column":116}},"9":{"start":{"line":24,"column":62},"end":{"line":24,"column":107}},"10":{"start":{"line":25,"column":32},"end":{"line":25,"column":76}},"11":{"start":{"line":25,"column":56},"end":{"line":25,"column":67}},"12":{"start":{"line":27,"column":19},"end":{"line":31,"column":7}},"13":{"start":{"line":32,"column":6},"end":{"line":32,"column":29}},"14":{"start":{"line":33,"column":6},"end":{"line":33,"column":18}},"15":{"start":{"line":36,"column":19},"end":{"line":36,"column":55}},"16":{"start":{"line":36,"column":43},"end":{"line":36,"column":54}},"17":{"start":{"line":37,"column":6},"end":{"line":37,"column":29}},"18":{"start":{"line":37,"column":17},"end":{"line":37,"column":29}},"19":{"start":{"line":38,"column":6},"end":{"line":38,"column":23}},"20":{"start":{"line":39,"column":6},"end":{"line":39,"column":18}},"21":{"start":{"line":42,"column":6},"end":{"line":47,"column":9}},"22":{"start":{"line":43,"column":8},"end":{"line":43,"column":80}},"23":{"start":{"line":43,"column":67},"end":{"line":43,"column":80}},"24":{"start":{"line":44,"column":8},"end":{"line":44,"column":83}},"25":{"start":{"line":44,"column":70},"end":{"line":44,"column":83}},"26":{"start":{"line":45,"column":8},"end":{"line":45,"column":74}},"27":{"start":{"line":45,"column":61},"end":{"line":45,"column":74}},"28":{"start":{"line":46,"column":8},"end":{"line":46,"column":20}},"29":{"start":{"line":49,"column":33},"end":{"line":49,"column":79}},"30":{"start":{"line":49,"column":59},"end":{"line":49,"column":70}},"31":{"start":{"line":50,"column":42},"end":{"line":50,"column":91}},"32":{"start":{"line":50,"column":71},"end":{"line":50,"column":90}},"33":{"start":{"line":52,"column":23},"end":{"line":52,"column":97}},"34":{"start":{"line":52,"column":50},"end":{"line":52,"column":96}},"35":{"start":{"line":53,"column":6},"end":{"line":58,"column":7}},"36":{"start":{"line":54,"column":8},"end":{"line":54,"column":48}},"37":{"start":{"line":55,"column":8},"end":{"line":55,"column":39}},"38":{"start":{"line":56,"column":8},"end":{"line":56,"column":35}},"39":{"start":{"line":57,"column":8},"end":{"line":57,"column":24}},"40":{"start":{"line":60,"column":21},"end":{"line":66,"column":7}},"41":{"start":{"line":67,"column":6},"end":{"line":67,"column":34}},"42":{"start":{"line":68,"column":6},"end":{"line":68,"column":20}},"43":{"start":{"line":73,"column":0},"end":{"line":75,"column":2}}},"fnMap":{"0":{"name":"(anonymous_0)","decl":{"start":{"line":5,"column":26},"end":{"line":5,"column":27}},"loc":{"start":{"line":5,"column":32},"end":{"line":71,"column":1}},"line":5},"1":{"name":"(anonymous_1)","decl":{"start":{"line":17,"column":30},"end":{"line":17,"column":31}},"loc":{"start":{"line":17,"column":43},"end":{"line":17,"column":95}},"line":17},"2":{"name":"(anonymous_2)","decl":{"start":{"line":23,"column":11},"end":{"line":23,"column":12}},"loc":{"start":{"line":23,"column":23},"end":{"line":23,"column":27}},"line":23},"3":{"name":"(anonymous_3)","decl":{"start":{"line":24,"column":21},"end":{"line":24,"column":22}},"loc":{"start":{"line":24,"column":38},"end":{"line":24,"column":116}},"line":24},"4":{"name":"(anonymous_4)","decl":{"start":{"line":24,"column":55},"end":{"line":24,"column":56}},"loc":{"start":{"line":24,"column":62},"end":{"line":24,"column":107}},"line":24},"5":{"name":"(anonymous_5)","decl":{"start":{"line":25,"column":18},"end":{"line":25,"column":19}},"loc":{"start":{"line":25,"column":32},"end":{"line":25,"column":76}},"line":25},"6":{"name":"(anonymous_6)","decl":{"start":{"line":25,"column":49},"end":{"line":25,"column":50}},"loc":{"start":{"line":25,"column":56},"end":{"line":25,"column":67}},"line":25},"7":{"name":"(anonymous_7)","decl":{"start":{"line":26,"column":16},"end":{"line":26,"column":17}},"loc":{"start":{"line":26,"column":35},"end":{"line":34,"column":5}},"line":26},"8":{"name":"(anonymous_8)","decl":{"start":{"line":35,"column":20},"end":{"line":35,"column":21}},"loc":{"start":{"line":35,"column":40},"end":{"line":40,"column":5}},"line":35},"9":{"name":"(anonymous_9)","decl":{"start":{"line":36,"column":36},"end":{"line":36,"column":37}},"loc":{"start":{"line":36,"column":43},"end":{"line":36,"column":54}},"line":36},"10":{"name":"(anonymous_10)","decl":{"start":{"line":41,"column":16},"end":{"line":41,"column":17}},"loc":{"start":{"line":41,"column":40},"end":{"line":48,"column":5}},"line":41},"11":{"name":"(anonymous_11)","decl":{"start":{"line":42,"column":34},"end":{"line":42,"column":35}},"loc":{"start":{"line":42,"column":46},"end":{"line":47,"column":7}},"line":42},"12":{"name":"(anonymous_12)","decl":{"start":{"line":49,"column":19},"end":{"line":49,"column":20}},"loc":{"start":{"line":49,"column":33},"end":{"line":49,"column":79}},"line":49},"13":{"name":"(anonymous_13)","decl":{"start":{"line":49,"column":52},"end":{"line":49,"column":53}},"loc":{"start":{"line":49,"column":59},"end":{"line":49,"column":70}},"line":49},"14":{"name":"(anonymous_14)","decl":{"start":{"line":50,"column":24},"end":{"line":50,"column":25}},"loc":{"start":{"line":50,"column":42},"end":{"line":50,"column":91}},"line":50},"15":{"name":"(anonymous_15)","decl":{"start":{"line":50,"column":64},"end":{"line":50,"column":65}},"loc":{"start":{"line":50,"column":71},"end":{"line":50,"column":90}},"line":50},"16":{"name":"(anonymous_16)","decl":{"start":{"line":51,"column":20},"end":{"line":51,"column":21}},"loc":{"start":{"line":51,"column":70},"end":{"line":69,"column":5}},"line":51},"17":{"name":"(anonymous_17)","decl":{"start":{"line":52,"column":43},"end":{"line":52,"column":44}},"loc":{"start":{"line":52,"column":50},"end":{"line":52,"column":96}},"line":52}},"branchMap":{"0":{"loc":{"start":{"line":24,"column":38},"end":{"line":24,"column":116}},"type":"binary-expr","locations":[{"start":{"line":24,"column":38},"end":{"line":24,"column":108}},{"start":{"line":24,"column":112},"end":{"line":24,"column":116}}],"line":24},"1":{"loc":{"start":{"line":25,"column":32},"end":{"line":25,"column":76}},"type":"binary-expr","locations":[{"start":{"line":25,"column":32},"end":{"line":25,"column":68}},{"start":{"line":25,"column":72},"end":{"line":25,"column":76}}],"line":25},"2":{"loc":{"start":{"line":37,"column":6},"end":{"line":37,"column":29}},"type":"if","locations":[{"start":{"line":37,"column":6},"end":{"line":37,"column":29}},{"start":{},"end":{}}],"line":37},"3":{"loc":{"start":{"line":41,"column":23},"end":{"line":41,"column":35}},"type":"default-arg","locations":[{"start":{"line":41,"column":33},"end":{"line":41,"column":35}}],"line":41},"4":{"loc":{"start":{"line":43,"column":8},"end":{"line":43,"column":80}},"type":"if","locations":[{"start":{"line":43,"column":8},"end":{"line":43,"column":80}},{"start":{},"end":{}}],"line":43},"5":{"loc":{"start":{"line":43,"column":12},"end":{"line":43,"column":65}},"type":"binary-expr","locations":[{"start":{"line":43,"column":12},"end":{"line":43,"column":27}},{"start":{"line":43,"column":31},"end":{"line":43,"column":65}}],"line":43},"6":{"loc":{"start":{"line":44,"column":8},"end":{"line":44,"column":83}},"type":"if","locations":[{"start":{"line":44,"column":8},"end":{"line":44,"column":83}},{"start":{},"end":{}}],"line":44},"7":{"loc":{"start":{"line":44,"column":12},"end":{"line":44,"column":68}},"type":"binary-expr","locations":[{"start":{"line":44,"column":12},"end":{"line":44,"column":28}},{"start":{"line":44,"column":32},"end":{"line":44,"column":68}}],"line":44},"8":{"loc":{"start":{"line":45,"column":8},"end":{"line":45,"column":74}},"type":"if","locations":[{"start":{"line":45,"column":8},"end":{"line":45,"column":74}},{"start":{},"end":{}}],"line":45},"9":{"loc":{"start":{"line":45,"column":12},"end":{"line":45,"column":59}},"type":"binary-expr","locations":[{"start":{"line":45,"column":12},"end":{"line":45,"column":25}},{"start":{"line":45,"column":29},"end":{"line":45,"column":59}}],"line":45},"10":{"loc":{"start":{"line":49,"column":33},"end":{"line":49,"column":79}},"type":"binary-expr","locations":[{"start":{"line":49,"column":33},"end":{"line":49,"column":71}},{"start":{"line":49,"column":75},"end":{"line":49,"column":79}}],"line":49},"11":{"loc":{"start":{"line":52,"column":50},"end":{"line":52,"column":96}},"type":"binary-expr","locations":[{"start":{"line":52,"column":50},"end":{"line":52,"column":69}},{"start":{"line":52,"column":73},"end":{"line":52,"column":96}}],"line":52},"12":{"loc":{"start":{"line":53,"column":6},"end":{"line":58,"column":7}},"type":"if","locations":[{"start":{"line":53,"column":6},"end":{"line":58,"column":7}},{"start":{},"end":{}}],"line":53}},"s":{"0":0,"1":0,"2":0,"3":0,"4":0,"5":0,"6":0,"7":0,"8":0,"9":0,"10":0,"11":0,"12":0,"13":0,"14":0,"15":0,"16":0,"17":0,"18":0,"19":0,"20":0,"21":0,"22":0,"23":0,"24":0,"25":0,"26":0,"27":0,"28":0,"29":0,"30":0,"31":0,"32":0,"33":0,"34":0,"35":0,"36":0,"37":0,"38":0,"39":0,"40":0,"41":0,"42":0,"43":0},"f":{"0":0,"1":0,"2":0,"3":0,"4":0,"5":0,"6":0,"7":0,"8":0,"9":0,"10":0,"11":0,"12":0,"13":0,"14":0,"15":0,"16":0,"17":0},"b":{"0":[0,0],"1":[0,0],"2":[0,0],"3":[0],"4":[0,0],"5":[0,0],"6":[0,0],"7":[0,0],"8":[0,0],"9":[0,0],"10":[0,0],"11":[0,0],"12":[0,0]}}
,"/Users/jvickram/Downloads/Projects/Practice_folder/Mobile App/copilot/language-guru/backend/src/store/mongoStore.js": {"path":"/Users/jvickram/Downloads/Projects/Practice_folder/Mobile App/copilot/language-guru/backend/src/store/mongoStore.js","statementMap":{"0":{"start":{"line":1,"column":15},"end":{"line":1,"column":34}},"1":{"start":{"line":2,"column":17},"end":{"line":2,"column":36}},"2":{"start":{"line":3,"column":25},"end":{"line":3,"column":54}},"3":{"start":{"line":4,"column":16},"end":{"line":4,"column":40}},"4":{"start":{"line":6,"column":25},"end":{"line":150,"column":1}},"5":{"start":{"line":7,"column":2},"end":{"line":10,"column":5}},"6":{"start":{"line":12,"column":21},"end":{"line":21,"column":3}},"7":{"start":{"line":23,"column":23},"end":{"line":38,"column":3}},"8":{"start":{"line":40,"column":25},"end":{"line":49,"column":3}},"9":{"start":{"line":51,"column":2},"end":{"line":51,"column":69}},"10":{"start":{"line":53,"column":15},"end":{"line":53,"column":73}},"11":{"start":{"line":54,"column":17},"end":{"line":54,"column":81}},"12":{"start":{"line":55,"column":19},"end":{"line":55,"column":89}},"13":{"start":{"line":57,"column":22},"end":{"line":57,"column":51}},"14":{"start":{"line":58,"column":2},"end":{"line":60,"column":3}},"15":{"start":{"line":59,"column":4},"end":{"line":59,"column":114}},"16":{"start":{"line":59,"column":58},"end":{"line":59,"column":110}},"17":{"start":{"line":62,"column":19},"end":{"line":62,"column":73}},"18":{"start":{"line":63,"column":2},"end":{"line":71,"column":3}},"19":{"start":{"line":64,"column":4},"end":{"line":70,"column":7}},"20":{"start":{"line":73,"column":2},"end":{"line":149,"column":4}},"21":{"start":{"line":75,"column":23},"end":{"line":75,"column":59}},"22":{"start":{"line":77,"column":19},"end":{"line":77,"column":76}},"23":{"start":{"line":78,"column":6},"end":{"line":87,"column":15}},"24":{"start":{"line":90,"column":19},"end":{"line":90,"column":49}},"25":{"start":{"line":91,"column":6},"end":{"line":100,"column":15}},"26":{"start":{"line":103,"column":18},"end":{"line":109,"column":8}},"27":{"start":{"line":111,"column":6},"end":{"line":118,"column":8}},"28":{"start":{"line":121,"column":18},"end":{"line":121,"column":82}},"29":{"start":{"line":122,"column":6},"end":{"line":131,"column":15}},"30":{"start":{"line":134,"column":20},"end":{"line":134,"column":22}},"31":{"start":{"line":135,"column":6},"end":{"line":135,"column":59}},"32":{"start":{"line":135,"column":27},"end":{"line":135,"column":59}},"33":{"start":{"line":136,"column":6},"end":{"line":136,"column":62}},"34":{"start":{"line":136,"column":28},"end":{"line":136,"column":62}},"35":{"start":{"line":137,"column":6},"end":{"line":137,"column":53}},"36":{"start":{"line":137,"column":25},"end":{"line":137,"column":53}},"37":{"start":{"line":138,"column":6},"end":{"line":138,"column":39}},"38":{"start":{"line":140,"column":33},"end":{"line":140,"column":62}},"39":{"start":{"line":141,"column":42},"end":{"line":141,"column":74}},"40":{"start":{"line":143,"column":6},"end":{"line":147,"column":15}},"41":{"start":{"line":152,"column":0},"end":{"line":154,"column":2}}},"fnMap":{"0":{"name":"(anonymous_0)","decl":{"start":{"line":6,"column":25},"end":{"line":6,"column":26}},"loc":{"start":{"line":6,"column":43},"end":{"line":150,"column":1}},"line":6},"1":{"name":"(anonymous_1)","decl":{"start":{"line":59,"column":45},"end":{"line":59,"column":46}},"loc":{"start":{"line":59,"column":58},"end":{"line":59,"column":110}},"line":59},"2":{"name":"(anonymous_2)","decl":{"start":{"line":75,"column":11},"end":{"line":75,"column":12}},"loc":{"start":{"line":75,"column":23},"end":{"line":75,"column":59}},"line":75},"3":{"name":"(anonymous_3)","decl":{"start":{"line":76,"column":21},"end":{"line":76,"column":22}},"loc":{"start":{"line":76,"column":38},"end":{"line":88,"column":5}},"line":76},"4":{"name":"(anonymous_4)","decl":{"start":{"line":89,"column":18},"end":{"line":89,"column":19}},"loc":{"start":{"line":89,"column":32},"end":{"line":101,"column":5}},"line":89},"5":{"name":"(anonymous_5)","decl":{"start":{"line":102,"column":16},"end":{"line":102,"column":17}},"loc":{"start":{"line":102,"column":35},"end":{"line":119,"column":5}},"line":102},"6":{"name":"(anonymous_6)","decl":{"start":{"line":120,"column":20},"end":{"line":120,"column":21}},"loc":{"start":{"line":120,"column":40},"end":{"line":132,"column":5}},"line":120},"7":{"name":"(anonymous_7)","decl":{"start":{"line":133,"column":16},"end":{"line":133,"column":17}},"loc":{"start":{"line":133,"column":40},"end":{"line":139,"column":5}},"line":133},"8":{"name":"(anonymous_8)","decl":{"start":{"line":140,"column":19},"end":{"line":140,"column":20}},"loc":{"start":{"line":140,"column":33},"end":{"line":140,"column":62}},"line":140},"9":{"name":"(anonymous_9)","decl":{"start":{"line":141,"column":24},"end":{"line":141,"column":25}},"loc":{"start":{"line":141,"column":42},"end":{"line":141,"column":74}},"line":141},"10":{"name":"(anonymous_10)","decl":{"start":{"line":142,"column":20},"end":{"line":142,"column":21}},"loc":{"start":{"line":142,"column":70},"end":{"line":148,"column":5}},"line":142}},"branchMap":{"0":{"loc":{"start":{"line":53,"column":15},"end":{"line":53,"column":73}},"type":"binary-expr","locations":[{"start":{"line":53,"column":15},"end":{"line":53,"column":35}},{"start":{"line":53,"column":39},"end":{"line":53,"column":73}}],"line":53},"1":{"loc":{"start":{"line":54,"column":17},"end":{"line":54,"column":81}},"type":"binary-expr","locations":[{"start":{"line":54,"column":17},"end":{"line":54,"column":39}},{"start":{"line":54,"column":43},"end":{"line":54,"column":81}}],"line":54},"2":{"loc":{"start":{"line":55,"column":19},"end":{"line":55,"column":89}},"type":"binary-expr","locations":[{"start":{"line":55,"column":19},"end":{"line":55,"column":43}},{"start":{"line":55,"column":47},"end":{"line":55,"column":89}}],"line":55},"3":{"loc":{"start":{"line":58,"column":2},"end":{"line":60,"column":3}},"type":"if","locations":[{"start":{"line":58,"column":2},"end":{"line":60,"column":3}},{"start":{},"end":{}}],"line":58},"4":{"loc":{"start":{"line":63,"column":2},"end":{"line":71,"column":3}},"type":"if","locations":[{"start":{"line":63,"column":2},"end":{"line":71,"column":3}},{"start":{},"end":{}}],"line":63},"5":{"loc":{"start":{"line":78,"column":13},"end":{"line":87,"column":14}},"type":"cond-expr","locations":[{"start":{"line":79,"column":10},"end":{"line":86,"column":11}},{"start":{"line":87,"column":10},"end":{"line":87,"column":14}}],"line":78},"6":{"loc":{"start":{"line":91,"column":13},"end":{"line":100,"column":14}},"type":"cond-expr","locations":[{"start":{"line":92,"column":10},"end":{"line":99,"column":11}},{"start":{"line":100,"column":10},"end":{"line":100,"column":14}}],"line":91},"7":{"loc":{"start":{"line":122,"column":13},"end":{"line":131,"column":14}},"type":"cond-expr","locations":[{"start":{"line":123,"column":10},"end":{"line":130,"column":11}},{"start":{"line":131,"column":10},"end":{"line":131,"column":14}}],"line":122},"8":{"loc":{"start":{"line":133,"column":23},"end":{"line":133,"column":35}},"type":"default-arg","locations":[{"start":{"line":133,"column":33},"end":{"line":133,"column":35}}],"line":133},"9":{"loc":{"start":{"line":135,"column":6},"end":{"line":135,"column":59}},"type":"if","locations":[{"start":{"line":135,"column":6},"end":{"line":135,"column":59}},{"start":{},"end":{}}],"line":135},"10":{"loc":{"start":{"line":136,"column":6},"end":{"line":136,"column":62}},"type":"if","locations":[{"start":{"line":136,"column":6},"end":{"line":136,"column":62}},{"start":{},"end":{}}],"line":136},"11":{"loc":{"start":{"line":137,"column":6},"end":{"line":137,"column":53}},"type":"if","locations":[{"start":{"line":137,"column":6},"end":{"line":137,"column":53}},{"start":{},"end":{}}],"line":137}},"s":{"0":0,"1":0,"2":0,"3":0,"4":0,"5":0,"6":0,"7":0,"8":0,"9":0,"10":0,"11":0,"12":0,"13":0,"14":0,"15":0,"16":0,"17":0,"18":0,"19":0,"20":0,"21":0,"22":0,"23":0,"24":0,"25":0,"26":0,"27":0,"28":0,"29":0,"30":0,"31":0,"32":0,"33":0,"34":0,"35":0,"36":0,"37":0,"38":0,"39":0,"40":0,"41":0},"f":{"0":0,"1":0,"2":0,"3":0,"4":0,"5":0,"6":0,"7":0,"8":0,"9":0,"10":0},"b":{"0":[0,0],"1":[0,0],"2":[0,0],"3":[0,0],"4":[0,0],"5":[0,0],"6":[0,0],"7":[0,0],"8":[0],"9":[0,0],"10":[0,0],"11":[0,0]}}
,"/Users/jvickram/Downloads/Projects/Practice_folder/Mobile App/copilot/language-guru/backend/src/utils/time.js": {"path":"/Users/jvickram/Downloads/Projects/Practice_folder/Mobile App/copilot/language-guru/backend/src/utils/time.js","statementMap":{"0":{"start":{"line":1,"column":12},"end":{"line":1,"column":42}},"1":{"start":{"line":1,"column":18},"end":{"line":1,"column":42}},"2":{"start":{"line":3,"column":0},"end":{"line":5,"column":2}}},"fnMap":{"0":{"name":"(anonymous_0)","decl":{"start":{"line":1,"column":12},"end":{"line":1,"column":13}},"loc":{"start":{"line":1,"column":18},"end":{"line":1,"column":42}},"line":1}},"branchMap":{},"s":{"0":1,"1":6,"2":1},"f":{"0":6},"b":{},"_coverageSchema":"1a1c01bbd47fc00a2c39e90264f33305004495a9","hash":"4ec8299dcac61359ca827617d33e9717423e0cbd"}
}
