TN:
SF:src/app.js
FN:12,(anonymous_0)
FNF:1
FNH:1
FNDA:3,(anonymous_0)
DA:1,1
DA:2,1
DA:3,1
DA:4,1
DA:5,1
DA:6,1
DA:7,1
DA:8,1
DA:9,1
DA:10,1
DA:12,1
DA:13,3
DA:14,3
DA:16,3
DA:17,3
DA:18,3
DA:19,3
DA:20,3
DA:22,3
DA:24,3
DA:25,3
DA:26,3
DA:28,3
DA:29,3
DA:31,3
DA:34,1
LF:26
LH:26
BRF:0
BRH:0
end_of_record
TN:
SF:src/config/index.js
FN:1,(anonymous_0)
FN:9,(anonymous_1)
FN:12,(anonymous_2)
FNF:3
FNH:0
FNDA:0,(anonymous_0)
FNDA:0,(anonymous_1)
FNDA:0,(anonymous_2)
DA:1,0
DA:9,0
DA:12,0
DA:13,0
DA:14,0
DA:18,0
LF:6
LH:0
BRDA:2,0,0,0
BRDA:2,0,1,0
BRDA:3,1,0,0
BRDA:3,1,1,0
BRDA:4,2,0,0
BRDA:4,2,1,0
BRDA:5,3,0,0
BRDA:5,3,1,0
BRDA:6,4,0,0
BRDA:6,4,1,0
BRDA:7,5,0,0
BRDA:7,5,1,0
BRDA:8,6,0,0
BRDA:8,6,1,0
BRDA:9,7,0,0
BRDA:9,7,1,0
BRDA:13,8,0,0
BRDA:13,8,1,0
BRDA:13,9,0,0
BRDA:13,9,1,0
BRF:20
BRH:0
end_of_record
TN:
SF:src/content/lessons.js
FNF:0
FNH:0
DA:1,0
DA:159,0
LF:2
LH:0
BRF:0
BRH:0
end_of_record
TN:
SF:src/middleware/auth.js
FN:3,(anonymous_0)
FN:3,(anonymous_1)
FNF:2
FNH:2
FNDA:3,(anonymous_0)
FNDA:3,(anonymous_1)
DA:1,1
DA:3,3
DA:4,3
DA:5,3
DA:7,3
DA:8,1
DA:11,2
DA:12,2
DA:13,2
DA:14,2
DA:15,0
DA:18,2
DA:19,2
DA:21,0
DA:25,1
LF:15
LH:13
BRDA:4,0,0,3
BRDA:4,0,1,1
BRDA:5,1,0,2
BRDA:5,1,1,1
BRDA:7,2,0,1
BRDA:7,2,1,2
BRDA:14,3,0,0
BRDA:14,3,1,2
BRF:8
BRH:7
end_of_record
TN:
SF:src/middleware/cors.js
FN:1,(anonymous_0)
FN:1,(anonymous_1)
FNF:2
FNH:2
FNDA:3,(anonymous_0)
FNDA:6,(anonymous_1)
DA:1,3
DA:2,6
DA:3,6
DA:5,6
DA:6,6
DA:7,0
DA:8,0
DA:11,6
DA:12,6
DA:13,6
DA:15,6
DA:16,0
DA:19,6
DA:22,1
LF:14
LH:11
BRDA:5,0,0,6
BRDA:5,0,1,0
BRDA:6,1,0,6
BRDA:6,1,1,6
BRDA:7,2,0,0
BRDA:7,2,1,0
BRDA:7,3,0,0
BRDA:7,3,1,0
BRDA:15,4,0,0
BRDA:15,4,1,6
BRF:10
BRH:4
end_of_record
TN:
SF:src/middleware/errorHandlers.js
FN:3,(anonymous_0)
FN:7,(anonymous_1)
FNF:2
FNH:0
FNDA:0,(anonymous_0)
FNDA:0,(anonymous_1)
DA:1,1
DA:3,1
DA:4,0
DA:7,1
DA:8,0
DA:9,0
DA:12,1
LF:7
LH:4
BRF:0
BRH:0
end_of_record
TN:
SF:src/middleware/rateLimit.js
FN:1,(anonymous_0)
FN:4,(anonymous_1)
FNF:2
FNH:2
FNDA:3,(anonymous_0)
FNDA:6,(anonymous_1)
DA:1,1
DA:2,3
DA:4,3
DA:5,6
DA:6,6
DA:7,6
DA:8,6
DA:10,6
DA:11,6
DA:12,0
DA:15,6
DA:16,0
DA:17,0
DA:18,0
DA:19,0
DA:24,6
DA:28,1
LF:17
LH:12
BRDA:5,0,0,6
BRDA:5,0,1,0
BRDA:5,0,2,0
BRDA:8,1,0,6
BRDA:8,1,1,3
BRDA:11,2,0,0
BRDA:11,2,1,6
BRDA:15,3,0,0
BRDA:15,3,1,6
BRDA:18,4,0,0
BRDA:18,4,1,0
BRF:11
BRH:5
end_of_record
TN:
SF:src/middleware/requestLogger.js
FN:3,(anonymous_0)
FN:5,(anonymous_1)
FNF:2
FNH:2
FNDA:6,(anonymous_0)
FNDA:6,(anonymous_1)
DA:1,1
DA:3,1
DA:4,6
DA:5,6
DA:6,6
DA:7,6
DA:9,6
DA:12,1
LF:8
LH:8
BRF:0
BRH:0
end_of_record
TN:
SF:src/middleware/securityHeaders.js
FN:1,(anonymous_0)
FNF:1
FNH:1
FNDA:6,(anonymous_0)
DA:1,1
DA:2,6
DA:3,6
DA:4,6
DA:5,6
DA:6,6
DA:9,1
LF:7
LH:7
BRF:0
BRH:0
end_of_record
TN:
SF:src/routes/auth.js
FN:6,(anonymous_0)
FN:9,(anonymous_1)
FN:32,(anonymous_2)
FNF:3
FNH:3
FNDA:3,(anonymous_0)
FNDA:1,(anonymous_1)
FNDA:2,(anonymous_2)
DA:1,1
DA:2,1
DA:3,1
DA:4,1
DA:6,1
DA:7,3
DA:9,3
DA:10,1
DA:11,1
DA:12,0
DA:15,1
DA:16,1
DA:17,1
DA:18,0
DA:21,1
DA:28,1
DA:29,1
DA:32,3
DA:33,2
DA:34,2
DA:35,0
DA:38,2
DA:39,2
DA:40,2
DA:41,0
DA:44,2
DA:45,2
DA:46,2
DA:47,1
DA:50,2
DA:51,2
DA:54,3
DA:57,1
LF:33
LH:29
BRDA:10,0,0,1
BRDA:10,0,1,0
BRDA:11,1,0,0
BRDA:11,1,1,1
BRDA:17,2,0,0
BRDA:17,2,1,1
BRDA:22,3,0,1
BRDA:22,3,1,1
BRDA:24,4,0,1
BRDA:24,4,1,1
BRDA:24,4,2,0
BRDA:33,5,0,2
BRDA:33,5,1,0
BRDA:34,6,0,0
BRDA:34,6,1,2
BRDA:40,7,0,0
BRDA:40,7,1,2
BRDA:40,8,0,2
BRDA:40,8,1,2
BRDA:45,9,0,2
BRDA:45,9,1,2
BRDA:45,9,2,1
BRDA:46,10,0,1
BRDA:46,10,1,1
BRDA:46,11,0,2
BRDA:46,11,1,1
BRF:26
BRH:19
end_of_record
TN:
SF:src/routes/health.js
FN:4,(anonymous_0)
FN:7,(anonymous_1)
FN:18,(anonymous_2)
FNF:3
FNH:1
FNDA:3,(anonymous_0)
FNDA:0,(anonymous_1)
FNDA:0,(anonymous_2)
DA:1,1
DA:2,1
DA:4,1
DA:5,3
DA:7,3
DA:8,0
DA:18,3
DA:19,0
DA:20,0
DA:21,0
DA:23,0
DA:26,3
DA:29,1
LF:13
LH:8
BRDA:20,0,0,0
BRDA:20,0,1,0
BRF:2
BRH:0
end_of_record
TN:
SF:src/routes/learning.js
FN:5,(anonymous_0)
FN:8,(anonymous_1)
FN:16,(anonymous_2)
FN:21,(anonymous_3)
FN:22,(anonymous_4)
FN:25,(anonymous_5)
FN:33,(anonymous_6)
FN:37,(anonymous_7)
FN:60,(anonymous_8)
FNF:9
FNH:4
FNDA:3,(anonymous_0)
FNDA:0,(anonymous_1)
FNDA:1,(anonymous_2)
FNDA:0,(anonymous_3)
FNDA:1,(anonymous_4)
FNDA:0,(anonymous_5)
FNDA:0,(anonymous_6)
FNDA:1,(anonymous_7)
FNDA:0,(anonymous_8)
DA:1,1
DA:2,1
DA:3,1
DA:5,1
DA:6,3
DA:8,3
DA:9,0
DA:10,0
DA:11,0
DA:12,0
DA:13,0
DA:16,3
DA:17,1
DA:18,1
DA:19,1
DA:20,1
DA:21,1
DA:22,1
DA:25,3
DA:26,0
DA:27,0
DA:28,0
DA:29,0
DA:32,0
DA:33,0
DA:34,0
DA:37,3
DA:38,1
DA:39,1
DA:40,0
DA:43,1
DA:44,1
DA:45,1
DA:46,0
DA:49,1
DA:56,1
DA:57,1
DA:60,3
DA:61,0
DA:62,0
DA:65,3
DA:68,1
LF:42
LH:26
BRDA:28,0,0,0
BRDA:28,0,1,0
BRDA:38,1,0,1
BRDA:38,1,1,0
BRDA:39,2,0,0
BRDA:39,2,1,1
BRDA:45,3,0,0
BRDA:45,3,1,1
BRF:8
BRH:3
end_of_record
TN:
SF:src/schemas/authSchemas.js
FNF:0
FNH:0
DA:1,1
DA:3,1
DA:16,1
DA:23,1
LF:4
LH:4
BRF:0
BRH:0
end_of_record
TN:
SF:src/schemas/progressSchema.js
FNF:0
FNH:0
DA:1,1
DA:3,1
DA:9,1
LF:3
LH:3
BRF:0
BRH:0
end_of_record
TN:
SF:src/services/authService.js
FN:3,(anonymous_0)
FN:8,(anonymous_1)
FNF:2
FNH:2
FNDA:4,(anonymous_0)
FNDA:4,(anonymous_1)
DA:1,2
DA:3,2
DA:4,4
DA:8,4
DA:18,2
LF:5
LH:5
BRF:0
BRH:0
end_of_record
TN:
SF:src/services/lessonService.js
FN:1,(anonymous_0)
FN:10,(anonymous_1)
FN:11,(anonymous_2)
FN:37,(anonymous_3)
FN:43,(anonymous_4)
FN:44,(anonymous_5)
FNF:6
FNH:6
FNDA:2,(anonymous_0)
FNDA:1,(anonymous_1)
FNDA:3,(anonymous_2)
FNDA:2,(anonymous_3)
FNDA:2,(anonymous_4)
FNDA:2,(anonymous_5)
DA:1,2
DA:2,2
DA:3,2
DA:10,2
DA:11,3
DA:12,1
DA:14,1
DA:15,3
DA:16,3
DA:26,3
DA:27,3
DA:28,3
DA:29,3
DA:30,3
DA:31,3
DA:34,3
DA:37,2
DA:43,2
DA:44,2
DA:51,2
LF:20
LH:20
BRDA:5,0,0,2
BRDA:5,0,1,1
BRDA:6,1,0,1
BRDA:6,1,1,1
BRDA:15,2,0,3
BRDA:15,2,1,0
BRDA:16,3,0,3
BRDA:16,3,1,2
BRDA:18,4,0,2
BRDA:18,4,1,0
BRDA:28,5,0,2
BRDA:28,5,1,1
BRDA:28,6,0,3
BRDA:28,6,1,3
BRDA:29,7,0,3
BRDA:29,7,1,0
BRDA:29,8,0,3
BRDA:29,8,1,3
BRDA:39,9,0,2
BRDA:39,9,1,0
BRF:20
BRH:16
end_of_record
TN:
SF:src/store/index.js
FN:6,(anonymous_0)
FN:10,(anonymous_1)
FN:19,(anonymous_2)
FN:20,(anonymous_3)
FN:21,(anonymous_4)
FNF:5
FNH:0
FNDA:0,(anonymous_0)
FNDA:0,(anonymous_1)
FNDA:0,(anonymous_2)
FNDA:0,(anonymous_3)
FNDA:0,(anonymous_4)
DA:1,0
DA:2,0
DA:3,0
DA:4,0
DA:6,0
DA:7,0
DA:9,0
DA:11,0
DA:12,0
DA:13,0
DA:15,0
DA:16,0
DA:19,0
DA:20,0
DA:22,0
DA:23,0
DA:29,0
LF:17
LH:0
BRDA:11,0,0,0
BRDA:11,0,1,0
BRDA:11,1,0,0
BRDA:11,1,1,0
BRDA:22,2,0,0
BRDA:22,2,1,0
BRF:6
BRH:0
end_of_record
TN:
SF:src/store/memoryStore.js
FN:5,(anonymous_0)
FN:17,(anonymous_1)
FN:23,(anonymous_2)
FN:24,(anonymous_3)
FN:24,(anonymous_4)
FN:25,(anonymous_5)
FN:25,(anonymous_6)
FN:26,(anonymous_7)
FN:35,(anonymous_8)
FN:36,(anonymous_9)
FN:41,(anonymous_10)
FN:42,(anonymous_11)
FN:49,(anonymous_12)
FN:49,(anonymous_13)
FN:50,(anonymous_14)
FN:50,(anonymous_15)
FN:51,(anonymous_16)
FN:52,(anonymous_17)
FNF:18
FNH:0
FNDA:0,(anonymous_0)
FNDA:0,(anonymous_1)
FNDA:0,(anonymous_2)
FNDA:0,(anonymous_3)
FNDA:0,(anonymous_4)
FNDA:0,(anonymous_5)
FNDA:0,(anonymous_6)
FNDA:0,(anonymous_7)
FNDA:0,(anonymous_8)
FNDA:0,(anonymous_9)
FNDA:0,(anonymous_10)
FNDA:0,(anonymous_11)
FNDA:0,(anonymous_12)
FNDA:0,(anonymous_13)
FNDA:0,(anonymous_14)
FNDA:0,(anonymous_15)
FNDA:0,(anonymous_16)
FNDA:0,(anonymous_17)
DA:1,0
DA:2,0
DA:3,0
DA:5,0
DA:6,0
DA:17,0
DA:21,0
DA:23,0
DA:24,0
DA:25,0
DA:27,0
DA:32,0
DA:33,0
DA:36,0
DA:37,0
DA:38,0
DA:39,0
DA:42,0
DA:43,0
DA:44,0
DA:45,0
DA:46,0
DA:49,0
DA:50,0
DA:52,0
DA:53,0
DA:54,0
DA:55,0
DA:56,0
DA:57,0
DA:60,0
DA:67,0
DA:68,0
DA:73,0
LF:34
LH:0
BRDA:24,0,0,0
BRDA:24,0,1,0
BRDA:25,1,0,0
BRDA:25,1,1,0
BRDA:37,2,0,0
BRDA:37,2,1,0
BRDA:41,3,0,0
BRDA:43,4,0,0
BRDA:43,4,1,0
BRDA:43,5,0,0
BRDA:43,5,1,0
BRDA:44,6,0,0
BRDA:44,6,1,0
BRDA:44,7,0,0
BRDA:44,7,1,0
BRDA:45,8,0,0
BRDA:45,8,1,0
BRDA:45,9,0,0
BRDA:45,9,1,0
BRDA:49,10,0,0
BRDA:49,10,1,0
BRDA:52,11,0,0
BRDA:52,11,1,0
BRDA:53,12,0,0
BRDA:53,12,1,0
BRF:25
BRH:0
end_of_record
TN:
SF:src/store/mongoStore.js
FN:6,(anonymous_0)
FN:59,(anonymous_1)
FN:75,(anonymous_2)
FN:76,(anonymous_3)
FN:89,(anonymous_4)
FN:102,(anonymous_5)
FN:120,(anonymous_6)
FN:133,(anonymous_7)
FN:140,(anonymous_8)
FN:141,(anonymous_9)
FN:142,(anonymous_10)
FNF:11
FNH:0
FNDA:0,(anonymous_0)
FNDA:0,(anonymous_1)
FNDA:0,(anonymous_2)
FNDA:0,(anonymous_3)
FNDA:0,(anonymous_4)
FNDA:0,(anonymous_5)
FNDA:0,(anonymous_6)
FNDA:0,(anonymous_7)
FNDA:0,(anonymous_8)
FNDA:0,(anonymous_9)
FNDA:0,(anonymous_10)
DA:1,0
DA:2,0
DA:3,0
DA:4,0
DA:6,0
DA:7,0
DA:12,0
DA:23,0
DA:40,0
DA:51,0
DA:53,0
DA:54,0
DA:55,0
DA:57,0
DA:58,0
DA:59,0
DA:62,0
DA:63,0
DA:64,0
DA:73,0
DA:75,0
DA:77,0
DA:78,0
DA:90,0
DA:91,0
DA:103,0
DA:111,0
DA:121,0
DA:122,0
DA:134,0
DA:135,0
DA:136,0
DA:137,0
DA:138,0
DA:140,0
DA:141,0
DA:143,0
DA:152,0
LF:38
LH:0
BRDA:53,0,0,0
BRDA:53,0,1,0
BRDA:54,1,0,0
BRDA:54,1,1,0
BRDA:55,2,0,0
BRDA:55,2,1,0
BRDA:58,3,0,0
BRDA:58,3,1,0
BRDA:63,4,0,0
BRDA:63,4,1,0
BRDA:78,5,0,0
BRDA:78,5,1,0
BRDA:91,6,0,0
BRDA:91,6,1,0
BRDA:122,7,0,0
BRDA:122,7,1,0
BRDA:133,8,0,0
BRDA:135,9,0,0
BRDA:135,9,1,0
BRDA:136,10,0,0
BRDA:136,10,1,0
BRDA:137,11,0,0
BRDA:137,11,1,0
BRF:23
BRH:0
end_of_record
TN:
SF:src/utils/time.js
FN:1,(anonymous_0)
FNF:1
FNH:1
FNDA:6,(anonymous_0)
DA:1,6
DA:3,1
LF:2
LH:2
BRF:0
BRH:0
end_of_record
